-------------------------------------------------------------------------------
Test set: com.ibm.test.TestCustomer
-------------------------------------------------------------------------------
Tests run: 1, Failures: 0, Errors: 1, Skipped: 0, Time elapsed: 0.184 s <<< FAILURE! - in com.ibm.test.TestCustomer
testSave  Time elapsed: 0.028 s  <<< ERROR!
javax.persistence.RollbackException: Error while committing the transaction
	at com.ibm.test.TestCustomer.testSave(TestCustomer.java:28)
Caused by: javax.persistence.PersistenceException: org.hibernate.exception.ConstraintViolationException: could not execute statement
	at com.ibm.test.TestCustomer.testSave(TestCustomer.java:28)
Caused by: org.hibernate.exception.ConstraintViolationException: could not execute statement
	at com.ibm.test.TestCustomer.testSave(TestCustomer.java:28)
Caused by: java.sql.SQLIntegrityConstraintViolationException: Duplicate entry '123' for key 'customers.PRIMARY'
	at com.ibm.test.TestCustomer.testSave(TestCustomer.java:28)

